<?xml version="1.0" encoding="UTF-8"?>
<!-- Generated by org.testng.reporters.JUnitReportReporter -->
<testsuite hostname="LAPTOP-42JUHOGQ" failures="0" tests="1" name="projectcreation1.milestonecreation" time="57.806" errors="0" timestamp="2022-09-15T12:29:40 IST" skipped="0">
  <testcase classname="projectcreation1.milestonecreation" name="f" time="57.806"/>
  <system-out/>
</testsuite> <!-- projectcreation1.milestonecreation -->
