<?xml version="1.0" encoding="UTF-8"?>
<!-- Generated by org.testng.reporters.JUnitReportReporter -->
<testsuite hostname="LAPTOP-42JUHOGQ" failures="0" tests="1" name="projectcreation1.portfoliodeletion" time="77.189" errors="0" timestamp="2022-09-19T11:46:27 IST" skipped="0">
  <testcase classname="projectcreation1.portfoliodeletion" name="portfolio1" time="77.189"/>
  <system-out/>
</testsuite> <!-- projectcreation1.portfoliodeletion -->
