<?xml version="1.0" encoding="UTF-8"?>
<!-- Generated by org.testng.reporters.JUnitReportReporter -->
<testsuite hostname="LAPTOP-42JUHOGQ" failures="0" tests="1" name="projectcreation1.milestonehthroughtask" time="62.211" errors="0" timestamp="2022-09-15T12:36:37 IST" skipped="0">
  <testcase classname="projectcreation1.milestonehthroughtask" name="miletask" time="62.211"/>
  <system-out/>
</testsuite> <!-- projectcreation1.milestonehthroughtask -->
