<?xml version="1.0" encoding="UTF-8"?>
<!-- Generated by org.testng.reporters.JUnitReportReporter -->
<testsuite hostname="LAPTOP-42JUHOGQ" failures="0" tests="1" name="projectcreation1.delete" time="87.439" errors="0" timestamp="2022-09-16T12:28:14 IST" skipped="0">
  <testcase classname="projectcreation1.delete" name="f" time="87.439"/>
  <system-out/>
</testsuite> <!-- projectcreation1.delete -->
